<?xml version="1.0" encoding="UTF-8"?>
<testng-results ignored="0" total="1" passed="1" failed="0" skipped="0">
  <reporter-output>
  </reporter-output>
  <suite started-at="2023-10-01T14:10:26 IST" name="Default suite" finished-at="2023-10-01T14:10:48 IST" duration-ms="22360">
    <groups>
    </groups>
    <test started-at="2023-10-01T14:10:26 IST" name="Default test" finished-at="2023-10-01T14:10:48 IST" duration-ms="22360">
      <class name="recruitmentPageTests.TestRecruitmentPageTabs">
        <test-method is-config="true" signature="setup()[pri:0, instance:recruitmentPageTests.TestRecruitmentPageTabs@c430e6c]" started-at="2023-10-01T14:10:26 IST" name="setup" finished-at="2023-10-01T14:10:38 IST" duration-ms="12549" status="PASS">
          <reporter-output>
          </reporter-output>
        </test-method> <!-- setup -->
        <test-method signature="testRecruitmentPageTabs(java.util.HashMap)[pri:0, instance:recruitmentPageTests.TestRecruitmentPageTabs@c430e6c]" started-at="2023-10-01T14:10:39 IST" name="testRecruitmentPageTabs" data-provider="getDataFromExcel" finished-at="2023-10-01T14:10:48 IST" duration-ms="8716" status="PASS">
          <params>
            <param index="0">
              <value>
                <![CDATA[{Username=Admin, Password=admin123, Tabs=Candidates;Vacancies}]]>
              </value>
            </param>
          </params>
          <reporter-output>
          </reporter-output>
        </test-method> <!-- testRecruitmentPageTabs -->
        <test-method is-config="true" signature="recordFailure(org.testng.ITestResult)[pri:0, instance:recruitmentPageTests.TestRecruitmentPageTabs@c430e6c]" started-at="2023-10-01T14:10:48 IST" name="recordFailure" finished-at="2023-10-01T14:10:48 IST" duration-ms="1" status="PASS">
          <params>
            <param index="0">
              <value>
                <![CDATA[[TestResult name=testRecruitmentPageTabs status=SUCCESS method=TestRecruitmentPageTabs.testRecruitmentPageTabs(java.util.HashMap)[pri:0, instance:recruitmentPageTests.TestRecruitmentPageTabs@c430e6c] output={null}]]]>
              </value>
            </param>
          </params>
          <reporter-output>
          </reporter-output>
        </test-method> <!-- recordFailure -->
        <test-method is-config="true" signature="tearDown()[pri:0, instance:recruitmentPageTests.TestRecruitmentPageTabs@c430e6c]" started-at="2023-10-01T14:10:48 IST" name="tearDown" finished-at="2023-10-01T14:10:48 IST" duration-ms="250" status="PASS">
          <reporter-output>
          </reporter-output>
        </test-method> <!-- tearDown -->
      </class> <!-- recruitmentPageTests.TestRecruitmentPageTabs -->
    </test> <!-- Default test -->
  </suite> <!-- Default suite -->
</testng-results>
