<?xml version="1.0" encoding="UTF-8"?>
<testng-results ignored="0" total="23" passed="23" failed="0" skipped="0">
  <reporter-output>
  </reporter-output>
  <suite started-at="2023-10-05T18:55:15 IST" name="Suite" finished-at="2023-10-05T19:05:00 IST" duration-ms="585780">
    <groups>
    </groups>
    <test started-at="2023-10-05T18:55:15 IST" name="TestPackages" finished-at="2023-10-05T19:05:00 IST" duration-ms="585780">
      <class name="loginTests.TestOrangeUserLogin">
        <test-method is-config="true" signature="setupdriver()[pri:0, instance:loginTests.TestOrangeUserLogin@7dc3712]" started-at="2023-10-05T18:55:14 IST" name="setupdriver" finished-at="2023-10-05T18:55:15 IST" duration-ms="161" status="PASS">
          <reporter-output>
          </reporter-output>
        </test-method> <!-- setupdriver -->
        <test-method is-config="true" signature="setup()[pri:0, instance:loginTests.TestOrangeUserLogin@7dc3712]" started-at="2023-10-05T18:55:15 IST" name="setup" finished-at="2023-10-05T18:55:30 IST" duration-ms="15192" status="PASS">
          <reporter-output>
          </reporter-output>
        </test-method> <!-- setup -->
        <test-method is-config="true" signature="extentCreate(java.lang.reflect.Method)[pri:0, instance:loginTests.TestOrangeUserLogin@7dc3712]" started-at="2023-10-05T18:55:31 IST" name="extentCreate" finished-at="2023-10-05T18:55:31 IST" duration-ms="12" status="PASS">
          <params>
            <param index="0">
              <value>
                <![CDATA[public void loginTests.TestOrangeUserLogin.testInvalidAdminLogin(java.util.HashMap)]]>
              </value>
            </param>
          </params>
          <reporter-output>
          </reporter-output>
        </test-method> <!-- extentCreate -->
        <test-method signature="testInvalidAdminLogin(java.util.HashMap)[pri:0, instance:loginTests.TestOrangeUserLogin@7dc3712]" started-at="2023-10-05T18:55:31 IST" name="testInvalidAdminLogin" data-provider="getDataFromExcel" finished-at="2023-10-05T18:55:34 IST" duration-ms="2499" status="PASS">
          <params>
            <param index="0">
              <value>
                <![CDATA[{Username=invalidUserName, Password=invalidPassword}]]>
              </value>
            </param>
          </params>
          <reporter-output>
          </reporter-output>
        </test-method> <!-- testInvalidAdminLogin -->
        <test-method is-config="true" signature="recordFailure1(org.testng.ITestResult)[pri:0, instance:loginTests.TestOrangeUserLogin@7dc3712]" started-at="2023-10-05T18:55:34 IST" name="recordFailure1" finished-at="2023-10-05T18:55:34 IST" duration-ms="9" status="PASS">
          <params>
            <param index="0">
              <value>
                <![CDATA[[TestResult name=testInvalidAdminLogin status=SUCCESS method=TestOrangeUserLogin.testInvalidAdminLogin(java.util.HashMap)[pri:0, instance:loginTests.TestOrangeUserLogin@7dc3712] output={null}]]]>
              </value>
            </param>
          </params>
          <reporter-output>
          </reporter-output>
        </test-method> <!-- recordFailure1 -->
        <test-method is-config="true" signature="extentCreate(java.lang.reflect.Method)[pri:0, instance:loginTests.TestOrangeUserLogin@7dc3712]" started-at="2023-10-05T18:55:34 IST" name="extentCreate" finished-at="2023-10-05T18:55:34 IST" duration-ms="1" status="PASS">
          <params>
            <param index="0">
              <value>
                <![CDATA[public void loginTests.TestOrangeUserLogin.testValidAdminLogin(java.util.HashMap)]]>
              </value>
            </param>
          </params>
          <reporter-output>
          </reporter-output>
        </test-method> <!-- extentCreate -->
        <test-method signature="testValidAdminLogin(java.util.HashMap)[pri:0, instance:loginTests.TestOrangeUserLogin@7dc3712]" started-at="2023-10-05T18:55:34 IST" name="testValidAdminLogin" data-provider="getDataFromExcel" finished-at="2023-10-05T18:55:38 IST" duration-ms="4284" status="PASS">
          <params>
            <param index="0">
              <value>
                <![CDATA[{Username=Admin, Password=admin123}]]>
              </value>
            </param>
          </params>
          <reporter-output>
          </reporter-output>
        </test-method> <!-- testValidAdminLogin -->
        <test-method is-config="true" signature="recordFailure1(org.testng.ITestResult)[pri:0, instance:loginTests.TestOrangeUserLogin@7dc3712]" started-at="2023-10-05T18:55:38 IST" name="recordFailure1" finished-at="2023-10-05T18:55:38 IST" duration-ms="1" status="PASS">
          <params>
            <param index="0">
              <value>
                <![CDATA[[TestResult name=testValidAdminLogin status=SUCCESS method=TestOrangeUserLogin.testValidAdminLogin(java.util.HashMap)[pri:0, instance:loginTests.TestOrangeUserLogin@7dc3712] output={null}]]]>
              </value>
            </param>
          </params>
          <reporter-output>
          </reporter-output>
        </test-method> <!-- recordFailure1 -->
        <test-method is-config="true" signature="extentCreate(java.lang.reflect.Method)[pri:0, instance:loginTests.TestOrangeUserLogin@7dc3712]" started-at="2023-10-05T18:55:38 IST" name="extentCreate" finished-at="2023-10-05T18:55:38 IST" duration-ms="1" status="PASS">
          <params>
            <param index="0">
              <value>
                <![CDATA[public void loginTests.TestOrangeUserLogin.testValidAdminLogin(java.util.HashMap)]]>
              </value>
            </param>
          </params>
          <reporter-output>
          </reporter-output>
        </test-method> <!-- extentCreate -->
        <test-method signature="testValidAdminLogin(java.util.HashMap)[pri:0, instance:loginTests.TestOrangeUserLogin@7dc3712]" started-at="2023-10-05T18:55:38 IST" name="testValidAdminLogin" data-provider="getDataFromExcel" finished-at="2023-10-05T18:55:43 IST" duration-ms="4498" status="PASS">
          <params>
            <param index="0">
              <value>
                <![CDATA[{Username=admin, Password=admin123}]]>
              </value>
            </param>
          </params>
          <reporter-output>
          </reporter-output>
        </test-method> <!-- testValidAdminLogin -->
        <test-method is-config="true" signature="recordFailure1(org.testng.ITestResult)[pri:0, instance:loginTests.TestOrangeUserLogin@7dc3712]" started-at="2023-10-05T18:55:43 IST" name="recordFailure1" finished-at="2023-10-05T18:55:43 IST" duration-ms="1" status="PASS">
          <params>
            <param index="0">
              <value>
                <![CDATA[[TestResult name=testValidAdminLogin status=SUCCESS method=TestOrangeUserLogin.testValidAdminLogin(java.util.HashMap)[pri:0, instance:loginTests.TestOrangeUserLogin@7dc3712] output={null}]]]>
              </value>
            </param>
          </params>
          <reporter-output>
          </reporter-output>
        </test-method> <!-- recordFailure1 -->
        <test-method is-config="true" signature="tearDown()[pri:0, instance:loginTests.TestOrangeUserLogin@7dc3712]" started-at="2023-10-05T18:55:43 IST" name="tearDown" finished-at="2023-10-05T18:55:43 IST" duration-ms="737" status="PASS">
          <reporter-output>
          </reporter-output>
        </test-method> <!-- tearDown -->
      </class> <!-- loginTests.TestOrangeUserLogin -->
      <class name="claimTests.TestOrangeDashboardClaim">
        <test-method is-config="true" signature="setup()[pri:0, instance:claimTests.TestOrangeDashboardClaim@78452606]" started-at="2023-10-05T19:04:35 IST" name="setup" finished-at="2023-10-05T19:04:46 IST" duration-ms="11142" status="PASS">
          <reporter-output>
          </reporter-output>
        </test-method> <!-- setup -->
        <test-method is-config="true" signature="extentCreate(java.lang.reflect.Method)[pri:0, instance:claimTests.TestOrangeDashboardClaim@78452606]" started-at="2023-10-05T19:04:46 IST" name="extentCreate" finished-at="2023-10-05T19:04:46 IST" duration-ms="1" status="PASS">
          <params>
            <param index="0">
              <value>
                <![CDATA[public void claimTests.TestOrangeDashboardClaim.testClaimDashboard(java.util.HashMap) throws java.lang.InterruptedException]]>
              </value>
            </param>
          </params>
          <reporter-output>
          </reporter-output>
        </test-method> <!-- extentCreate -->
        <test-method signature="testClaimDashboard(java.util.HashMap)[pri:0, instance:claimTests.TestOrangeDashboardClaim@78452606]" started-at="2023-10-05T19:04:46 IST" name="testClaimDashboard" data-provider="getDataFromExcel" finished-at="2023-10-05T19:05:00 IST" duration-ms="13792" status="PASS">
          <params>
            <param index="0">
              <value>
                <![CDATA[{Username=Admin, Password=admin123, Header1=Submit Claim, Header2=My Claims, Header3=Employee Claims, Header4=Assign Claim, Header5=Configuration}]]>
              </value>
            </param>
          </params>
          <reporter-output>
          </reporter-output>
        </test-method> <!-- testClaimDashboard -->
        <test-method is-config="true" signature="tearDown()[pri:0, instance:claimTests.TestOrangeDashboardClaim@78452606]" started-at="2023-10-05T19:05:00 IST" name="tearDown" finished-at="2023-10-05T19:05:00 IST" duration-ms="601" status="PASS">
          <reporter-output>
          </reporter-output>
        </test-method> <!-- tearDown -->
        <test-method is-config="true" signature="recordFailure1(org.testng.ITestResult)[pri:0, instance:claimTests.TestOrangeDashboardClaim@78452606]" started-at="2023-10-05T19:05:00 IST" name="recordFailure1" finished-at="2023-10-05T19:05:00 IST" duration-ms="0" status="PASS">
          <params>
            <param index="0">
              <value>
                <![CDATA[[TestResult name=testClaimDashboard status=SUCCESS method=TestOrangeDashboardClaim.testClaimDashboard(java.util.HashMap)[pri:0, instance:claimTests.TestOrangeDashboardClaim@78452606] output={null}]]]>
              </value>
            </param>
          </params>
          <reporter-output>
          </reporter-output>
        </test-method> <!-- recordFailure1 -->
      </class> <!-- claimTests.TestOrangeDashboardClaim -->
      <class name="homePageTests.TestHomePageSections">
        <test-method is-config="true" signature="setup()[pri:0, instance:homePageTests.TestHomePageSections@4470fbd6]" started-at="2023-10-05T19:01:31 IST" name="setup" finished-at="2023-10-05T19:01:43 IST" duration-ms="12475" status="PASS">
          <reporter-output>
          </reporter-output>
        </test-method> <!-- setup -->
        <test-method is-config="true" signature="extentCreate(java.lang.reflect.Method)[pri:0, instance:homePageTests.TestHomePageSections@4470fbd6]" started-at="2023-10-05T19:01:43 IST" name="extentCreate" finished-at="2023-10-05T19:01:43 IST" duration-ms="0" status="PASS">
          <params>
            <param index="0">
              <value>
                <![CDATA[public void homePageTests.TestHomePageSections.testDashboardSections(java.util.HashMap)]]>
              </value>
            </param>
          </params>
          <reporter-output>
          </reporter-output>
        </test-method> <!-- extentCreate -->
        <test-method signature="testDashboardSections(java.util.HashMap)[pri:0, instance:homePageTests.TestHomePageSections@4470fbd6]" started-at="2023-10-05T19:01:43 IST" name="testDashboardSections" data-provider="getDataFromExcel" finished-at="2023-10-05T19:01:48 IST" duration-ms="4189" status="PASS">
          <params>
            <param index="0">
              <value>
                <![CDATA[{Username=Admin, Password=admin123, Sections=Time at Work;My Actions;Quick Launch;Buzz Latest Posts;Employees on Leave Today;Employee Distribution by Sub Unit;Employee Distribution by Location}]]>
              </value>
            </param>
          </params>
          <reporter-output>
          </reporter-output>
        </test-method> <!-- testDashboardSections -->
        <test-method is-config="true" signature="recordFailure1(org.testng.ITestResult)[pri:0, instance:homePageTests.TestHomePageSections@4470fbd6]" started-at="2023-10-05T19:01:48 IST" name="recordFailure1" finished-at="2023-10-05T19:01:48 IST" duration-ms="1" status="PASS">
          <params>
            <param index="0">
              <value>
                <![CDATA[[TestResult name=testDashboardSections status=SUCCESS method=TestHomePageSections.testDashboardSections(java.util.HashMap)[pri:0, instance:homePageTests.TestHomePageSections@4470fbd6] output={null}]]]>
              </value>
            </param>
          </params>
          <reporter-output>
          </reporter-output>
        </test-method> <!-- recordFailure1 -->
        <test-method is-config="true" signature="tearDown()[pri:0, instance:homePageTests.TestHomePageSections@4470fbd6]" started-at="2023-10-05T19:01:48 IST" name="tearDown" finished-at="2023-10-05T19:01:48 IST" duration-ms="463" status="PASS">
          <reporter-output>
          </reporter-output>
        </test-method> <!-- tearDown -->
      </class> <!-- homePageTests.TestHomePageSections -->
      <class name="pimTests.TestPIMFunctionality">
        <test-method is-config="true" signature="setup()[pri:0, instance:pimTests.TestPIMFunctionality@448c8166]" started-at="2023-10-05T19:00:54 IST" name="setup" finished-at="2023-10-05T19:01:06 IST" duration-ms="12000" status="PASS">
          <reporter-output>
          </reporter-output>
        </test-method> <!-- setup -->
        <test-method signature="testCreateUser(java.util.HashMap)[pri:0, instance:pimTests.TestPIMFunctionality@448c8166]" started-at="2023-10-05T19:01:06 IST" name="testCreateUser" data-provider="getDataFromExcel" finished-at="2023-10-05T19:01:22 IST" duration-ms="15365" status="PASS">
          <params>
            <param index="0">
              <value>
                <![CDATA[{Username=Admin, Password=admin123, FirstName=Harry, MiddleName=James, LastName=Potter}]]>
              </value>
            </param>
          </params>
          <reporter-output>
          </reporter-output>
        </test-method> <!-- testCreateUser -->
        <test-method is-config="true" signature="extentCreate(java.lang.reflect.Method)[pri:0, instance:pimTests.TestPIMFunctionality@448c8166]" started-at="2023-10-05T19:01:06 IST" name="extentCreate" finished-at="2023-10-05T19:01:06 IST" duration-ms="0" status="PASS">
          <params>
            <param index="0">
              <value>
                <![CDATA[public void pimTests.TestPIMFunctionality.testCreateUser(java.util.HashMap) throws java.lang.InterruptedException]]>
              </value>
            </param>
          </params>
          <reporter-output>
          </reporter-output>
        </test-method> <!-- extentCreate -->
        <test-method is-config="true" signature="recordFailure1(org.testng.ITestResult)[pri:0, instance:pimTests.TestPIMFunctionality@448c8166]" started-at="2023-10-05T19:01:22 IST" name="recordFailure1" finished-at="2023-10-05T19:01:22 IST" duration-ms="1" status="PASS">
          <params>
            <param index="0">
              <value>
                <![CDATA[[TestResult name=testCreateUser status=SUCCESS method=TestPIMFunctionality.testCreateUser(java.util.HashMap)[pri:0, instance:pimTests.TestPIMFunctionality@448c8166] output={null}]]]>
              </value>
            </param>
          </params>
          <reporter-output>
          </reporter-output>
        </test-method> <!-- recordFailure1 -->
        <test-method is-config="true" signature="extentCreate(java.lang.reflect.Method)[pri:0, instance:pimTests.TestPIMFunctionality@448c8166]" started-at="2023-10-05T19:01:22 IST" name="extentCreate" finished-at="2023-10-05T19:01:22 IST" duration-ms="0" status="PASS">
          <params>
            <param index="0">
              <value>
                <![CDATA[public void pimTests.TestPIMFunctionality.testPIMPageLinks(java.util.HashMap)]]>
              </value>
            </param>
          </params>
          <reporter-output>
          </reporter-output>
        </test-method> <!-- extentCreate -->
        <test-method signature="testPIMPageLinks(java.util.HashMap)[pri:0, instance:pimTests.TestPIMFunctionality@448c8166]" started-at="2023-10-05T19:01:22 IST" name="testPIMPageLinks" data-provider="getDataFromExcel" finished-at="2023-10-05T19:01:28 IST" duration-ms="5960" status="PASS">
          <params>
            <param index="0">
              <value>
                <![CDATA[{Username=Admin, Password=admin123, TabNames=Employee List;Add Employee;Reports}]]>
              </value>
            </param>
          </params>
          <reporter-output>
          </reporter-output>
        </test-method> <!-- testPIMPageLinks -->
        <test-method is-config="true" signature="recordFailure1(org.testng.ITestResult)[pri:0, instance:pimTests.TestPIMFunctionality@448c8166]" started-at="2023-10-05T19:01:28 IST" name="recordFailure1" finished-at="2023-10-05T19:01:28 IST" duration-ms="0" status="PASS">
          <params>
            <param index="0">
              <value>
                <![CDATA[[TestResult name=testPIMPageLinks status=SUCCESS method=TestPIMFunctionality.testPIMPageLinks(java.util.HashMap)[pri:0, instance:pimTests.TestPIMFunctionality@448c8166] output={null}]]]>
              </value>
            </param>
          </params>
          <reporter-output>
          </reporter-output>
        </test-method> <!-- recordFailure1 -->
        <test-method signature="testCustomUserLogin()[pri:0, instance:pimTests.TestPIMFunctionality@448c8166]" started-at="2023-10-05T19:01:28 IST" name="testCustomUserLogin" finished-at="2023-10-05T19:01:30 IST" depends-on-methods="pimTests.TestPIMFunctionality.testCreateUser" duration-ms="2730" status="PASS">
          <reporter-output>
          </reporter-output>
        </test-method> <!-- testCustomUserLogin -->
        <test-method is-config="true" signature="extentCreate(java.lang.reflect.Method)[pri:0, instance:pimTests.TestPIMFunctionality@448c8166]" started-at="2023-10-05T19:01:28 IST" name="extentCreate" finished-at="2023-10-05T19:01:28 IST" duration-ms="0" status="PASS">
          <params>
            <param index="0">
              <value>
                <![CDATA[public void pimTests.TestPIMFunctionality.testCustomUserLogin()]]>
              </value>
            </param>
          </params>
          <reporter-output>
          </reporter-output>
        </test-method> <!-- extentCreate -->
        <test-method is-config="true" signature="tearDown()[pri:0, instance:pimTests.TestPIMFunctionality@448c8166]" started-at="2023-10-05T19:01:30 IST" name="tearDown" finished-at="2023-10-05T19:01:31 IST" duration-ms="416" status="PASS">
          <reporter-output>
          </reporter-output>
        </test-method> <!-- tearDown -->
        <test-method is-config="true" signature="recordFailure1(org.testng.ITestResult)[pri:0, instance:pimTests.TestPIMFunctionality@448c8166]" started-at="2023-10-05T19:01:30 IST" name="recordFailure1" finished-at="2023-10-05T19:01:30 IST" duration-ms="0" status="PASS">
          <params>
            <param index="0">
              <value>
                <![CDATA[[TestResult name=testCustomUserLogin status=SUCCESS method=TestPIMFunctionality.testCustomUserLogin()[pri:0, instance:pimTests.TestPIMFunctionality@448c8166] output={null}]]]>
              </value>
            </param>
          </params>
          <reporter-output>
          </reporter-output>
        </test-method> <!-- recordFailure1 -->
      </class> <!-- pimTests.TestPIMFunctionality -->
      <class name="recruitmentPageTests.TestRecruitmentPageTabs">
        <test-method is-config="true" signature="setup()[pri:0, instance:recruitmentPageTests.TestRecruitmentPageTabs@15d49048]" started-at="2023-10-05T19:01:48 IST" name="setup" finished-at="2023-10-05T19:01:59 IST" duration-ms="11326" status="PASS">
          <reporter-output>
          </reporter-output>
        </test-method> <!-- setup -->
        <test-method signature="testRecruitmentPageTabs(java.util.HashMap)[pri:0, instance:recruitmentPageTests.TestRecruitmentPageTabs@15d49048]" started-at="2023-10-05T19:01:59 IST" name="testRecruitmentPageTabs" data-provider="getDataFromExcel" finished-at="2023-10-05T19:02:11 IST" duration-ms="11797" status="PASS">
          <params>
            <param index="0">
              <value>
                <![CDATA[{Username=Admin, Password=admin123, Tabs=Candidates;Vacancies}]]>
              </value>
            </param>
          </params>
          <reporter-output>
          </reporter-output>
        </test-method> <!-- testRecruitmentPageTabs -->
        <test-method is-config="true" signature="extentCreate(java.lang.reflect.Method)[pri:0, instance:recruitmentPageTests.TestRecruitmentPageTabs@15d49048]" started-at="2023-10-05T19:01:59 IST" name="extentCreate" finished-at="2023-10-05T19:01:59 IST" duration-ms="0" status="PASS">
          <params>
            <param index="0">
              <value>
                <![CDATA[public void recruitmentPageTests.TestRecruitmentPageTabs.testRecruitmentPageTabs(java.util.HashMap)]]>
              </value>
            </param>
          </params>
          <reporter-output>
          </reporter-output>
        </test-method> <!-- extentCreate -->
        <test-method is-config="true" signature="recordFailure1(org.testng.ITestResult)[pri:0, instance:recruitmentPageTests.TestRecruitmentPageTabs@15d49048]" started-at="2023-10-05T19:02:11 IST" name="recordFailure1" finished-at="2023-10-05T19:02:11 IST" duration-ms="1" status="PASS">
          <params>
            <param index="0">
              <value>
                <![CDATA[[TestResult name=testRecruitmentPageTabs status=SUCCESS method=TestRecruitmentPageTabs.testRecruitmentPageTabs(java.util.HashMap)[pri:0, instance:recruitmentPageTests.TestRecruitmentPageTabs@15d49048] output={null}]]]>
              </value>
            </param>
          </params>
          <reporter-output>
          </reporter-output>
        </test-method> <!-- recordFailure1 -->
        <test-method is-config="true" signature="tearDown()[pri:0, instance:recruitmentPageTests.TestRecruitmentPageTabs@15d49048]" started-at="2023-10-05T19:02:11 IST" name="tearDown" finished-at="2023-10-05T19:02:12 IST" duration-ms="509" status="PASS">
          <reporter-output>
          </reporter-output>
        </test-method> <!-- tearDown -->
      </class> <!-- recruitmentPageTests.TestRecruitmentPageTabs -->
      <class name="recruitmentPageTests.TestVacanciesCandidature">
        <test-method is-config="true" signature="setup()[pri:0, instance:recruitmentPageTests.TestVacanciesCandidature@7098b907]" started-at="2023-10-05T19:03:18 IST" name="setup" finished-at="2023-10-05T19:03:29 IST" duration-ms="11696" status="PASS">
          <reporter-output>
          </reporter-output>
        </test-method> <!-- setup -->
        <test-method is-config="true" signature="extentCreate(java.lang.reflect.Method)[pri:0, instance:recruitmentPageTests.TestVacanciesCandidature@7098b907]" started-at="2023-10-05T19:03:29 IST" name="extentCreate" finished-at="2023-10-05T19:03:29 IST" duration-ms="1" status="PASS">
          <params>
            <param index="0">
              <value>
                <![CDATA[public void recruitmentPageTests.TestVacanciesCandidature.testCreateVacancy(java.util.HashMap) throws java.lang.InterruptedException]]>
              </value>
            </param>
          </params>
          <reporter-output>
          </reporter-output>
        </test-method> <!-- extentCreate -->
        <test-method signature="testCreateVacancy(java.util.HashMap)[pri:0, instance:recruitmentPageTests.TestVacanciesCandidature@7098b907]" started-at="2023-10-05T19:03:29 IST" name="testCreateVacancy" data-provider="getDataFromExcel" finished-at="2023-10-05T19:03:59 IST" duration-ms="29703" status="PASS">
          <params>
            <param index="0">
              <value>
                <![CDATA[{Username=Admin, Password=admin123, VacancyName=Vacancy for CapstoneProject, JobTitle=QA Lead, Description=Automation Tester, HiringManager=Orange Test, NumOfPositions=2, FirstName=Hermoine, MiddleName=Jean, LastName=Granger}]]>
              </value>
            </param>
          </params>
          <reporter-output>
          </reporter-output>
        </test-method> <!-- testCreateVacancy -->
        <test-method is-config="true" signature="recordFailure1(org.testng.ITestResult)[pri:0, instance:recruitmentPageTests.TestVacanciesCandidature@7098b907]" started-at="2023-10-05T19:03:59 IST" name="recordFailure1" finished-at="2023-10-05T19:03:59 IST" duration-ms="1" status="PASS">
          <params>
            <param index="0">
              <value>
                <![CDATA[[TestResult name=testCreateVacancy status=SUCCESS method=TestVacanciesCandidature.testCreateVacancy(java.util.HashMap)[pri:0, instance:recruitmentPageTests.TestVacanciesCandidature@7098b907] output={null}]]]>
              </value>
            </param>
          </params>
          <reporter-output>
          </reporter-output>
        </test-method> <!-- recordFailure1 -->
        <test-method signature="testVacancySearch(java.util.HashMap)[pri:0, instance:recruitmentPageTests.TestVacanciesCandidature@7098b907]" started-at="2023-10-05T19:03:59 IST" name="testVacancySearch" data-provider="getDataFromExcel" finished-at="2023-10-05T19:04:09 IST" depends-on-methods="recruitmentPageTests.TestVacanciesCandidature.testCreateVacancy" duration-ms="9663" status="PASS">
          <params>
            <param index="0">
              <value>
                <![CDATA[{Username=Admin, Password=admin123}]]>
              </value>
            </param>
          </params>
          <reporter-output>
          </reporter-output>
        </test-method> <!-- testVacancySearch -->
        <test-method is-config="true" signature="extentCreate(java.lang.reflect.Method)[pri:0, instance:recruitmentPageTests.TestVacanciesCandidature@7098b907]" started-at="2023-10-05T19:03:59 IST" name="extentCreate" finished-at="2023-10-05T19:03:59 IST" duration-ms="0" status="PASS">
          <params>
            <param index="0">
              <value>
                <![CDATA[public void recruitmentPageTests.TestVacanciesCandidature.testVacancySearch(java.util.HashMap) throws java.lang.InterruptedException]]>
              </value>
            </param>
          </params>
          <reporter-output>
          </reporter-output>
        </test-method> <!-- extentCreate -->
        <test-method is-config="true" signature="recordFailure1(org.testng.ITestResult)[pri:0, instance:recruitmentPageTests.TestVacanciesCandidature@7098b907]" started-at="2023-10-05T19:04:09 IST" name="recordFailure1" finished-at="2023-10-05T19:04:09 IST" duration-ms="0" status="PASS">
          <params>
            <param index="0">
              <value>
                <![CDATA[[TestResult name=testVacancySearch status=SUCCESS method=TestVacanciesCandidature.testVacancySearch(java.util.HashMap)[pri:0, instance:recruitmentPageTests.TestVacanciesCandidature@7098b907] output={null}]]]>
              </value>
            </param>
          </params>
          <reporter-output>
          </reporter-output>
        </test-method> <!-- recordFailure1 -->
        <test-method signature="testCreateCandidate(java.util.HashMap)[pri:0, instance:recruitmentPageTests.TestVacanciesCandidature@7098b907]" started-at="2023-10-05T19:04:09 IST" name="testCreateCandidate" data-provider="getDataFromExcel" finished-at="2023-10-05T19:04:24 IST" depends-on-methods="recruitmentPageTests.TestVacanciesCandidature.testVacancySearch" duration-ms="15037" status="PASS">
          <params>
            <param index="0">
              <value>
                <![CDATA[{Username=Admin, Password=admin123, FirstName=Ron, MiddleName=Arthur, LastName=Weasley, Email=ron@example.com}]]>
              </value>
            </param>
          </params>
          <reporter-output>
          </reporter-output>
        </test-method> <!-- testCreateCandidate -->
        <test-method is-config="true" signature="extentCreate(java.lang.reflect.Method)[pri:0, instance:recruitmentPageTests.TestVacanciesCandidature@7098b907]" started-at="2023-10-05T19:04:09 IST" name="extentCreate" finished-at="2023-10-05T19:04:09 IST" duration-ms="0" status="PASS">
          <params>
            <param index="0">
              <value>
                <![CDATA[public void recruitmentPageTests.TestVacanciesCandidature.testCreateCandidate(java.util.HashMap) throws java.lang.InterruptedException]]>
              </value>
            </param>
          </params>
          <reporter-output>
          </reporter-output>
        </test-method> <!-- extentCreate -->
        <test-method is-config="true" signature="recordFailure1(org.testng.ITestResult)[pri:0, instance:recruitmentPageTests.TestVacanciesCandidature@7098b907]" started-at="2023-10-05T19:04:24 IST" name="recordFailure1" finished-at="2023-10-05T19:04:24 IST" duration-ms="1" status="PASS">
          <params>
            <param index="0">
              <value>
                <![CDATA[[TestResult name=testCreateCandidate status=SUCCESS method=TestVacanciesCandidature.testCreateCandidate(java.util.HashMap)[pri:0, instance:recruitmentPageTests.TestVacanciesCandidature@7098b907] output={null}]]]>
              </value>
            </param>
          </params>
          <reporter-output>
          </reporter-output>
        </test-method> <!-- recordFailure1 -->
        <test-method signature="testsearchCandidature(java.util.HashMap)[pri:0, instance:recruitmentPageTests.TestVacanciesCandidature@7098b907]" started-at="2023-10-05T19:04:24 IST" name="testsearchCandidature" data-provider="getDataFromExcel" finished-at="2023-10-05T19:04:34 IST" depends-on-methods="recruitmentPageTests.TestVacanciesCandidature.testCreateCandidate" duration-ms="10595" status="PASS">
          <params>
            <param index="0">
              <value>
                <![CDATA[{Username=Admin, Password=admin123, FirstName=Ron, MiddleName=Arthur, LastName=Weasley, Email=ron@example.com}]]>
              </value>
            </param>
          </params>
          <reporter-output>
          </reporter-output>
        </test-method> <!-- testsearchCandidature -->
        <test-method is-config="true" signature="extentCreate(java.lang.reflect.Method)[pri:0, instance:recruitmentPageTests.TestVacanciesCandidature@7098b907]" started-at="2023-10-05T19:04:24 IST" name="extentCreate" finished-at="2023-10-05T19:04:24 IST" duration-ms="0" status="PASS">
          <params>
            <param index="0">
              <value>
                <![CDATA[public void recruitmentPageTests.TestVacanciesCandidature.testsearchCandidature(java.util.HashMap) throws java.lang.InterruptedException]]>
              </value>
            </param>
          </params>
          <reporter-output>
          </reporter-output>
        </test-method> <!-- extentCreate -->
        <test-method is-config="true" signature="recordFailure1(org.testng.ITestResult)[pri:0, instance:recruitmentPageTests.TestVacanciesCandidature@7098b907]" started-at="2023-10-05T19:04:34 IST" name="recordFailure1" finished-at="2023-10-05T19:04:34 IST" duration-ms="1" status="PASS">
          <params>
            <param index="0">
              <value>
                <![CDATA[[TestResult name=testsearchCandidature status=SUCCESS method=TestVacanciesCandidature.testsearchCandidature(java.util.HashMap)[pri:0, instance:recruitmentPageTests.TestVacanciesCandidature@7098b907] output={null}]]]>
              </value>
            </param>
          </params>
          <reporter-output>
          </reporter-output>
        </test-method> <!-- recordFailure1 -->
        <test-method is-config="true" signature="tearDown()[pri:0, instance:recruitmentPageTests.TestVacanciesCandidature@7098b907]" started-at="2023-10-05T19:04:34 IST" name="tearDown" finished-at="2023-10-05T19:04:35 IST" duration-ms="446" status="PASS">
          <reporter-output>
          </reporter-output>
        </test-method> <!-- tearDown -->
      </class> <!-- recruitmentPageTests.TestVacanciesCandidature -->
      <class name="leaveTests.TestAddEntitlement">
        <test-method is-config="true" signature="setup()[pri:0, instance:leaveTests.TestAddEntitlement@147e2ae7]" started-at="2023-10-05T18:56:58 IST" name="setup" finished-at="2023-10-05T18:57:10 IST" duration-ms="12204" status="PASS">
          <reporter-output>
          </reporter-output>
        </test-method> <!-- setup -->
        <test-method signature="testAddLeaveEntitlement(java.util.HashMap)[pri:0, instance:leaveTests.TestAddEntitlement@147e2ae7]" started-at="2023-10-05T18:57:10 IST" name="testAddLeaveEntitlement" data-provider="getDataFromExcel" finished-at="2023-10-05T18:57:31 IST" duration-ms="20782" status="PASS">
          <params>
            <param index="0">
              <value>
                <![CDATA[{Username=Admin, Password=admin123, Leave_Type=CAN - Vacation, Leave_count=50.0}]]>
              </value>
            </param>
          </params>
          <reporter-output>
          </reporter-output>
        </test-method> <!-- testAddLeaveEntitlement -->
        <test-method is-config="true" signature="extentCreate(java.lang.reflect.Method)[pri:0, instance:leaveTests.TestAddEntitlement@147e2ae7]" started-at="2023-10-05T18:57:10 IST" name="extentCreate" finished-at="2023-10-05T18:57:10 IST" duration-ms="0" status="PASS">
          <params>
            <param index="0">
              <value>
                <![CDATA[public void leaveTests.TestAddEntitlement.testAddLeaveEntitlement(java.util.HashMap) throws java.lang.InterruptedException]]>
              </value>
            </param>
          </params>
          <reporter-output>
          </reporter-output>
        </test-method> <!-- extentCreate -->
        <test-method is-config="true" signature="recordFailure1(org.testng.ITestResult)[pri:0, instance:leaveTests.TestAddEntitlement@147e2ae7]" started-at="2023-10-05T18:57:31 IST" name="recordFailure1" finished-at="2023-10-05T18:57:31 IST" duration-ms="1" status="PASS">
          <params>
            <param index="0">
              <value>
                <![CDATA[[TestResult name=testAddLeaveEntitlement status=SUCCESS method=TestAddEntitlement.testAddLeaveEntitlement(java.util.HashMap)[pri:0, instance:leaveTests.TestAddEntitlement@147e2ae7] output={null}]]]>
              </value>
            </param>
          </params>
          <reporter-output>
          </reporter-output>
        </test-method> <!-- recordFailure1 -->
        <test-method signature="testAssignLeaveEntitlement(java.util.HashMap)[pri:0, instance:leaveTests.TestAddEntitlement@147e2ae7]" started-at="2023-10-05T18:57:31 IST" name="testAssignLeaveEntitlement" data-provider="getDataFromExcel" finished-at="2023-10-05T18:58:31 IST" duration-ms="59726" status="PASS">
          <params>
            <param index="0">
              <value>
                <![CDATA[{Username=Admin, Password=admin123, Leave_Type=CAN - Vacation, Leave_count=50.0}]]>
              </value>
            </param>
          </params>
          <reporter-output>
          </reporter-output>
        </test-method> <!-- testAssignLeaveEntitlement -->
        <test-method is-config="true" signature="extentCreate(java.lang.reflect.Method)[pri:0, instance:leaveTests.TestAddEntitlement@147e2ae7]" started-at="2023-10-05T18:57:31 IST" name="extentCreate" finished-at="2023-10-05T18:57:31 IST" duration-ms="0" status="PASS">
          <params>
            <param index="0">
              <value>
                <![CDATA[public void leaveTests.TestAddEntitlement.testAssignLeaveEntitlement(java.util.HashMap) throws java.lang.InterruptedException]]>
              </value>
            </param>
          </params>
          <reporter-output>
          </reporter-output>
        </test-method> <!-- extentCreate -->
        <test-method is-config="true" signature="recordFailure1(org.testng.ITestResult)[pri:0, instance:leaveTests.TestAddEntitlement@147e2ae7]" started-at="2023-10-05T18:58:31 IST" name="recordFailure1" finished-at="2023-10-05T18:58:31 IST" duration-ms="1" status="PASS">
          <params>
            <param index="0">
              <value>
                <![CDATA[[TestResult name=testAssignLeaveEntitlement status=SUCCESS method=TestAddEntitlement.testAssignLeaveEntitlement(java.util.HashMap)[pri:0, instance:leaveTests.TestAddEntitlement@147e2ae7] output={null}]]]>
              </value>
            </param>
          </params>
          <reporter-output>
          </reporter-output>
        </test-method> <!-- recordFailure1 -->
        <test-method signature="testUpdateLeaveEntitlement(java.util.HashMap)[pri:0, instance:leaveTests.TestAddEntitlement@147e2ae7]" started-at="2023-10-05T18:58:31 IST" name="testUpdateLeaveEntitlement" data-provider="getDataFromExcel" finished-at="2023-10-05T18:59:23 IST" duration-ms="51993" status="PASS">
          <params>
            <param index="0">
              <value>
                <![CDATA[{Username=Admin, Password=admin123, Leave_Type=CAN - Vacation, Leave_count=50.0}]]>
              </value>
            </param>
          </params>
          <reporter-output>
          </reporter-output>
        </test-method> <!-- testUpdateLeaveEntitlement -->
        <test-method is-config="true" signature="extentCreate(java.lang.reflect.Method)[pri:0, instance:leaveTests.TestAddEntitlement@147e2ae7]" started-at="2023-10-05T18:58:31 IST" name="extentCreate" finished-at="2023-10-05T18:58:31 IST" duration-ms="0" status="PASS">
          <params>
            <param index="0">
              <value>
                <![CDATA[public void leaveTests.TestAddEntitlement.testUpdateLeaveEntitlement(java.util.HashMap) throws java.lang.InterruptedException]]>
              </value>
            </param>
          </params>
          <reporter-output>
          </reporter-output>
        </test-method> <!-- extentCreate -->
        <test-method is-config="true" signature="recordFailure1(org.testng.ITestResult)[pri:0, instance:leaveTests.TestAddEntitlement@147e2ae7]" started-at="2023-10-05T18:59:23 IST" name="recordFailure1" finished-at="2023-10-05T18:59:23 IST" duration-ms="0" status="PASS">
          <params>
            <param index="0">
              <value>
                <![CDATA[[TestResult name=testUpdateLeaveEntitlement status=SUCCESS method=TestAddEntitlement.testUpdateLeaveEntitlement(java.util.HashMap)[pri:0, instance:leaveTests.TestAddEntitlement@147e2ae7] output={null}]]]>
              </value>
            </param>
          </params>
          <reporter-output>
          </reporter-output>
        </test-method> <!-- recordFailure1 -->
        <test-method signature="testValidateTabs(java.util.HashMap)[pri:0, instance:leaveTests.TestAddEntitlement@147e2ae7]" started-at="2023-10-05T18:59:23 IST" name="testValidateTabs" data-provider="getDataFromExcel" finished-at="2023-10-05T18:59:33 IST" duration-ms="10365" status="PASS">
          <params>
            <param index="0">
              <value>
                <![CDATA[{Username=Admin, Password=admin123, Leave_Type=CAN - Vacation, Leave_count=50.0}]]>
              </value>
            </param>
          </params>
          <reporter-output>
          </reporter-output>
        </test-method> <!-- testValidateTabs -->
        <test-method is-config="true" signature="extentCreate(java.lang.reflect.Method)[pri:0, instance:leaveTests.TestAddEntitlement@147e2ae7]" started-at="2023-10-05T18:59:23 IST" name="extentCreate" finished-at="2023-10-05T18:59:23 IST" duration-ms="0" status="PASS">
          <params>
            <param index="0">
              <value>
                <![CDATA[public void leaveTests.TestAddEntitlement.testValidateTabs(java.util.HashMap) throws java.lang.InterruptedException]]>
              </value>
            </param>
          </params>
          <reporter-output>
          </reporter-output>
        </test-method> <!-- extentCreate -->
        <test-method is-config="true" signature="recordFailure1(org.testng.ITestResult)[pri:0, instance:leaveTests.TestAddEntitlement@147e2ae7]" started-at="2023-10-05T18:59:33 IST" name="recordFailure1" finished-at="2023-10-05T18:59:33 IST" duration-ms="0" status="PASS">
          <params>
            <param index="0">
              <value>
                <![CDATA[[TestResult name=testValidateTabs status=SUCCESS method=TestAddEntitlement.testValidateTabs(java.util.HashMap)[pri:0, instance:leaveTests.TestAddEntitlement@147e2ae7] output={null}]]]>
              </value>
            </param>
          </params>
          <reporter-output>
          </reporter-output>
        </test-method> <!-- recordFailure1 -->
        <test-method is-config="true" signature="extentCreate(java.lang.reflect.Method)[pri:0, instance:leaveTests.TestAddEntitlement@147e2ae7]" started-at="2023-10-05T18:59:33 IST" name="extentCreate" finished-at="2023-10-05T18:59:33 IST" duration-ms="1" status="PASS">
          <params>
            <param index="0">
              <value>
                <![CDATA[public void leaveTests.TestAddEntitlement.testViewLeaveReports(java.util.HashMap) throws java.lang.InterruptedException]]>
              </value>
            </param>
          </params>
          <reporter-output>
          </reporter-output>
        </test-method> <!-- extentCreate -->
        <test-method signature="testViewLeaveReports(java.util.HashMap)[pri:0, instance:leaveTests.TestAddEntitlement@147e2ae7]" started-at="2023-10-05T18:59:33 IST" name="testViewLeaveReports" data-provider="getDataFromExcel" finished-at="2023-10-05T19:00:54 IST" duration-ms="80293" status="PASS">
          <params>
            <param index="0">
              <value>
                <![CDATA[{Username=Admin, Password=admin123, Leave_Type=CAN - Vacation, Leave_count=50.0}]]>
              </value>
            </param>
          </params>
          <reporter-output>
          </reporter-output>
        </test-method> <!-- testViewLeaveReports -->
        <test-method is-config="true" signature="recordFailure1(org.testng.ITestResult)[pri:0, instance:leaveTests.TestAddEntitlement@147e2ae7]" started-at="2023-10-05T19:00:54 IST" name="recordFailure1" finished-at="2023-10-05T19:00:54 IST" duration-ms="1" status="PASS">
          <params>
            <param index="0">
              <value>
                <![CDATA[[TestResult name=testViewLeaveReports status=SUCCESS method=TestAddEntitlement.testViewLeaveReports(java.util.HashMap)[pri:0, instance:leaveTests.TestAddEntitlement@147e2ae7] output={null}]]]>
              </value>
            </param>
          </params>
          <reporter-output>
          </reporter-output>
        </test-method> <!-- recordFailure1 -->
        <test-method is-config="true" signature="tearDown()[pri:0, instance:leaveTests.TestAddEntitlement@147e2ae7]" started-at="2023-10-05T19:00:54 IST" name="tearDown" finished-at="2023-10-05T19:00:54 IST" duration-ms="610" status="PASS">
          <reporter-output>
          </reporter-output>
        </test-method> <!-- tearDown -->
      </class> <!-- leaveTests.TestAddEntitlement -->
      <class name="claimTests.TestOrangeCreateClaim">
        <test-method is-config="true" signature="setup()[pri:0, instance:claimTests.TestOrangeCreateClaim@4f49f6af]" started-at="2023-10-05T19:02:12 IST" name="setup" finished-at="2023-10-05T19:02:24 IST" duration-ms="12256" status="PASS">
          <reporter-output>
          </reporter-output>
        </test-method> <!-- setup -->
        <test-method is-config="true" signature="extentCreate(java.lang.reflect.Method)[pri:0, instance:claimTests.TestOrangeCreateClaim@4f49f6af]" started-at="2023-10-05T19:02:24 IST" name="extentCreate" finished-at="2023-10-05T19:02:24 IST" duration-ms="1" status="PASS">
          <params>
            <param index="0">
              <value>
                <![CDATA[public void claimTests.TestOrangeCreateClaim.testCancelclaim(java.util.HashMap) throws java.lang.InterruptedException]]>
              </value>
            </param>
          </params>
          <reporter-output>
          </reporter-output>
        </test-method> <!-- extentCreate -->
        <test-method signature="testCancelclaim(java.util.HashMap)[pri:0, instance:claimTests.TestOrangeCreateClaim@4f49f6af]" started-at="2023-10-05T19:02:24 IST" name="testCancelclaim" data-provider="getDataFromExcel" finished-at="2023-10-05T19:02:36 IST" duration-ms="11796" status="PASS">
          <params>
            <param index="0">
              <value>
                <![CDATA[{Username=Admin, Password=admin123, Event_select=Travel Allowance, Currency_select=Afghanistan Afghani, Remarks=Added Claim}]]>
              </value>
            </param>
          </params>
          <reporter-output>
          </reporter-output>
        </test-method> <!-- testCancelclaim -->
        <test-method is-config="true" signature="recordFailure1(org.testng.ITestResult)[pri:0, instance:claimTests.TestOrangeCreateClaim@4f49f6af]" started-at="2023-10-05T19:02:36 IST" name="recordFailure1" finished-at="2023-10-05T19:02:36 IST" duration-ms="1" status="PASS">
          <params>
            <param index="0">
              <value>
                <![CDATA[[TestResult name=testCancelclaim status=SUCCESS method=TestOrangeCreateClaim.testCancelclaim(java.util.HashMap)[pri:0, instance:claimTests.TestOrangeCreateClaim@4f49f6af] output={null}]]]>
              </value>
            </param>
          </params>
          <reporter-output>
          </reporter-output>
        </test-method> <!-- recordFailure1 -->
        <test-method signature="testCreateClaim(java.util.HashMap)[pri:0, instance:claimTests.TestOrangeCreateClaim@4f49f6af]" started-at="2023-10-05T19:02:36 IST" name="testCreateClaim" data-provider="getDataFromExcel" finished-at="2023-10-05T19:03:05 IST" duration-ms="28933" status="PASS">
          <params>
            <param index="0">
              <value>
                <![CDATA[{Username=Admin, Password=admin123, Event_select=Travel Allowance, Currency_select=Afghanistan Afghani, =, Remarks=Added Claim , Notes=Added expense, Amount=2000.0}]]>
              </value>
            </param>
          </params>
          <reporter-output>
          </reporter-output>
        </test-method> <!-- testCreateClaim -->
        <test-method is-config="true" signature="extentCreate(java.lang.reflect.Method)[pri:0, instance:claimTests.TestOrangeCreateClaim@4f49f6af]" started-at="2023-10-05T19:02:36 IST" name="extentCreate" finished-at="2023-10-05T19:02:36 IST" duration-ms="0" status="PASS">
          <params>
            <param index="0">
              <value>
                <![CDATA[public void claimTests.TestOrangeCreateClaim.testCreateClaim(java.util.HashMap) throws java.lang.InterruptedException]]>
              </value>
            </param>
          </params>
          <reporter-output>
          </reporter-output>
        </test-method> <!-- extentCreate -->
        <test-method is-config="true" signature="recordFailure1(org.testng.ITestResult)[pri:0, instance:claimTests.TestOrangeCreateClaim@4f49f6af]" started-at="2023-10-05T19:03:05 IST" name="recordFailure1" finished-at="2023-10-05T19:03:05 IST" duration-ms="0" status="PASS">
          <params>
            <param index="0">
              <value>
                <![CDATA[[TestResult name=testCreateClaim status=SUCCESS method=TestOrangeCreateClaim.testCreateClaim(java.util.HashMap)[pri:0, instance:claimTests.TestOrangeCreateClaim@4f49f6af] output={null}]]]>
              </value>
            </param>
          </params>
          <reporter-output>
          </reporter-output>
        </test-method> <!-- recordFailure1 -->
        <test-method signature="testCreateClaimRemarks(java.util.HashMap)[pri:0, instance:claimTests.TestOrangeCreateClaim@4f49f6af]" started-at="2023-10-05T19:03:05 IST" name="testCreateClaimRemarks" data-provider="getDataFromExcel" finished-at="2023-10-05T19:03:17 IST" duration-ms="12293" status="PASS">
          <params>
            <param index="0">
              <value>
                <![CDATA[{Username=Admin, Password=admin123, Event_select=Travel Allowance, Currency_select=Afghanistan Afghani, =, Remarks=Added Claim , Notes=Added expense, Amount=2000.0}]]>
              </value>
            </param>
          </params>
          <reporter-output>
          </reporter-output>
        </test-method> <!-- testCreateClaimRemarks -->
        <test-method is-config="true" signature="extentCreate(java.lang.reflect.Method)[pri:0, instance:claimTests.TestOrangeCreateClaim@4f49f6af]" started-at="2023-10-05T19:03:05 IST" name="extentCreate" finished-at="2023-10-05T19:03:05 IST" duration-ms="0" status="PASS">
          <params>
            <param index="0">
              <value>
                <![CDATA[public void claimTests.TestOrangeCreateClaim.testCreateClaimRemarks(java.util.HashMap) throws java.lang.InterruptedException]]>
              </value>
            </param>
          </params>
          <reporter-output>
          </reporter-output>
        </test-method> <!-- extentCreate -->
        <test-method is-config="true" signature="recordFailure1(org.testng.ITestResult)[pri:0, instance:claimTests.TestOrangeCreateClaim@4f49f6af]" started-at="2023-10-05T19:03:17 IST" name="recordFailure1" finished-at="2023-10-05T19:03:17 IST" duration-ms="1" status="PASS">
          <params>
            <param index="0">
              <value>
                <![CDATA[[TestResult name=testCreateClaimRemarks status=SUCCESS method=TestOrangeCreateClaim.testCreateClaimRemarks(java.util.HashMap)[pri:0, instance:claimTests.TestOrangeCreateClaim@4f49f6af] output={null}]]]>
              </value>
            </param>
          </params>
          <reporter-output>
          </reporter-output>
        </test-method> <!-- recordFailure1 -->
        <test-method is-config="true" signature="tearDown()[pri:0, instance:claimTests.TestOrangeCreateClaim@4f49f6af]" started-at="2023-10-05T19:03:17 IST" name="tearDown" finished-at="2023-10-05T19:03:18 IST" duration-ms="380" status="PASS">
          <reporter-output>
          </reporter-output>
        </test-method> <!-- tearDown -->
      </class> <!-- claimTests.TestOrangeCreateClaim -->
      <class name="claimTests.TestOrangeAssignClaim">
        <test-method is-config="true" signature="setup()[pri:0, instance:claimTests.TestOrangeAssignClaim@21be3395]" started-at="2023-10-05T18:55:43 IST" name="setup" finished-at="2023-10-05T18:55:56 IST" duration-ms="12183" status="PASS">
          <reporter-output>
          </reporter-output>
        </test-method> <!-- setup -->
        <test-method is-config="true" signature="extentCreate(java.lang.reflect.Method)[pri:0, instance:claimTests.TestOrangeAssignClaim@21be3395]" started-at="2023-10-05T18:55:56 IST" name="extentCreate" finished-at="2023-10-05T18:55:56 IST" duration-ms="1" status="PASS">
          <params>
            <param index="0">
              <value>
                <![CDATA[public void claimTests.TestOrangeAssignClaim.testAssignClaim(java.util.HashMap) throws java.lang.InterruptedException]]>
              </value>
            </param>
          </params>
          <reporter-output>
          </reporter-output>
        </test-method> <!-- extentCreate -->
        <test-method signature="testAssignClaim(java.util.HashMap)[pri:0, instance:claimTests.TestOrangeAssignClaim@21be3395]" started-at="2023-10-05T18:55:56 IST" name="testAssignClaim" data-provider="getDataFromExcel" finished-at="2023-10-05T18:56:34 IST" duration-ms="38655" status="PASS">
          <params>
            <param index="0">
              <value>
                <![CDATA[{Username=Admin, Password=admin123, Event_select=Travel Allowance, Currency_select=Afghanistan Afghani, Remarks=Added Claim , FirstName=Christian, MiddleName=John, LastName=Bale}]]>
              </value>
            </param>
          </params>
          <reporter-output>
          </reporter-output>
        </test-method> <!-- testAssignClaim -->
        <test-method is-config="true" signature="recordFailure1(org.testng.ITestResult)[pri:0, instance:claimTests.TestOrangeAssignClaim@21be3395]" started-at="2023-10-05T18:56:34 IST" name="recordFailure1" finished-at="2023-10-05T18:56:34 IST" duration-ms="1" status="PASS">
          <params>
            <param index="0">
              <value>
                <![CDATA[[TestResult name=testAssignClaim status=SUCCESS method=TestOrangeAssignClaim.testAssignClaim(java.util.HashMap)[pri:0, instance:claimTests.TestOrangeAssignClaim@21be3395] output={null}]]]>
              </value>
            </param>
          </params>
          <reporter-output>
          </reporter-output>
        </test-method> <!-- recordFailure1 -->
        <test-method is-config="true" signature="extentCreate(java.lang.reflect.Method)[pri:0, instance:claimTests.TestOrangeAssignClaim@21be3395]" started-at="2023-10-05T18:56:34 IST" name="extentCreate" finished-at="2023-10-05T18:56:34 IST" duration-ms="1" status="PASS">
          <params>
            <param index="0">
              <value>
                <![CDATA[public void claimTests.TestOrangeAssignClaim.testAssignClaimremarks(java.util.HashMap) throws java.lang.InterruptedException]]>
              </value>
            </param>
          </params>
          <reporter-output>
          </reporter-output>
        </test-method> <!-- extentCreate -->
        <test-method signature="testAssignClaimremarks(java.util.HashMap)[pri:0, instance:claimTests.TestOrangeAssignClaim@21be3395]" started-at="2023-10-05T18:56:34 IST" name="testAssignClaimremarks" data-provider="getDataFromExcel" finished-at="2023-10-05T18:56:57 IST" depends-on-methods="claimTests.TestOrangeAssignClaim.testAssignClaim" duration-ms="22950" status="PASS">
          <params>
            <param index="0">
              <value>
                <![CDATA[{Username=Admin, Password=admin123, Event_select=Travel Allowance, Currency_select=Afghanistan Afghani, Remarks=Added Claim , FirstName=Christian, MiddleName=John, LastName=Bale, =}]]>
              </value>
            </param>
          </params>
          <reporter-output>
          </reporter-output>
        </test-method> <!-- testAssignClaimremarks -->
        <test-method is-config="true" signature="recordFailure1(org.testng.ITestResult)[pri:0, instance:claimTests.TestOrangeAssignClaim@21be3395]" started-at="2023-10-05T18:56:57 IST" name="recordFailure1" finished-at="2023-10-05T18:56:57 IST" duration-ms="0" status="PASS">
          <params>
            <param index="0">
              <value>
                <![CDATA[[TestResult name=testAssignClaimremarks status=SUCCESS method=TestOrangeAssignClaim.testAssignClaimremarks(java.util.HashMap)[pri:0, instance:claimTests.TestOrangeAssignClaim@21be3395] output={null}]]]>
              </value>
            </param>
          </params>
          <reporter-output>
          </reporter-output>
        </test-method> <!-- recordFailure1 -->
        <test-method is-config="true" signature="tearDown()[pri:0, instance:claimTests.TestOrangeAssignClaim@21be3395]" started-at="2023-10-05T18:56:57 IST" name="tearDown" finished-at="2023-10-05T18:56:58 IST" duration-ms="489" status="PASS">
          <reporter-output>
          </reporter-output>
        </test-method> <!-- tearDown -->
      </class> <!-- claimTests.TestOrangeAssignClaim -->
    </test> <!-- TestPackages -->
  </suite> <!-- Suite -->
</testng-results>
