<?xml version="1.0" encoding="UTF-8"?>
<testng-results ignored="0" total="6" passed="6" failed="0" skipped="0">
  <reporter-output>
  </reporter-output>
  <suite started-at="2023-10-03T14:34:41 IST" name="Default suite" finished-at="2023-10-03T14:37:01 IST" duration-ms="139774">
    <groups>
    </groups>
    <test started-at="2023-10-03T14:34:41 IST" name="Default test" finished-at="2023-10-03T14:37:01 IST" duration-ms="139774">
      <class name="claimTests.TestOrangeCreateClaim">
        <test-method is-config="true" signature="setup()[pri:0, instance:claimTests.TestOrangeCreateClaim@312aa7c]" started-at="2023-10-03T14:34:41 IST" name="setup" finished-at="2023-10-03T14:35:06 IST" duration-ms="25158" status="PASS">
          <reporter-output>
          </reporter-output>
        </test-method> <!-- setup -->
        <test-method signature="testAssignClaim(java.util.HashMap)[pri:0, instance:claimTests.TestOrangeCreateClaim@312aa7c]" started-at="2023-10-03T14:35:07 IST" name="testAssignClaim" data-provider="getDataFromExcel" finished-at="2023-10-03T14:35:33 IST" duration-ms="25552" status="PASS">
          <params>
            <param index="0">
              <value>
                <![CDATA[{Username=Admin, Password=admin123, Event_select=Travel Allowance, Currency_select=Afghanistan Afghani, Remarks=Added Claim , EmpName=Orange Test}]]>
              </value>
            </param>
          </params>
          <reporter-output>
          </reporter-output>
        </test-method> <!-- testAssignClaim -->
        <test-method is-config="true" signature="recordFailure(org.testng.ITestResult)[pri:0, instance:claimTests.TestOrangeCreateClaim@312aa7c]" started-at="2023-10-03T14:35:33 IST" name="recordFailure" finished-at="2023-10-03T14:35:33 IST" duration-ms="1" status="PASS">
          <params>
            <param index="0">
              <value>
                <![CDATA[[TestResult name=testAssignClaim status=SUCCESS method=TestOrangeCreateClaim.testAssignClaim(java.util.HashMap)[pri:0, instance:claimTests.TestOrangeCreateClaim@312aa7c] output={null}]]]>
              </value>
            </param>
          </params>
          <reporter-output>
          </reporter-output>
        </test-method> <!-- recordFailure -->
        <test-method signature="testAssignClaimremarks(java.util.HashMap)[pri:0, instance:claimTests.TestOrangeCreateClaim@312aa7c]" started-at="2023-10-03T14:35:33 IST" name="testAssignClaimremarks" data-provider="getDataFromExcel" finished-at="2023-10-03T14:35:57 IST" duration-ms="23488" status="PASS">
          <params>
            <param index="0">
              <value>
                <![CDATA[{Username=Admin, Password=admin123, Event_select=Travel Allowance, Currency_select=Afghanistan Afghani, Remarks=Added Claim , EmpName=Orange Test}]]>
              </value>
            </param>
          </params>
          <reporter-output>
          </reporter-output>
        </test-method> <!-- testAssignClaimremarks -->
        <test-method is-config="true" signature="recordFailure(org.testng.ITestResult)[pri:0, instance:claimTests.TestOrangeCreateClaim@312aa7c]" started-at="2023-10-03T14:35:57 IST" name="recordFailure" finished-at="2023-10-03T14:35:57 IST" duration-ms="0" status="PASS">
          <params>
            <param index="0">
              <value>
                <![CDATA[[TestResult name=testAssignClaimremarks status=SUCCESS method=TestOrangeCreateClaim.testAssignClaimremarks(java.util.HashMap)[pri:0, instance:claimTests.TestOrangeCreateClaim@312aa7c] output={null}]]]>
              </value>
            </param>
          </params>
          <reporter-output>
          </reporter-output>
        </test-method> <!-- recordFailure -->
        <test-method signature="testCancelclaim(java.util.HashMap)[pri:0, instance:claimTests.TestOrangeCreateClaim@312aa7c]" started-at="2023-10-03T14:35:57 IST" name="testCancelclaim" data-provider="getDataFromExcel" finished-at="2023-10-03T14:36:10 IST" duration-ms="13248" status="PASS">
          <params>
            <param index="0">
              <value>
                <![CDATA[{Username=Admin, Password=admin123, Event_select=Travel Allowance, Currency_select=Afghanistan Afghani, Remarks=Added Claim }]]>
              </value>
            </param>
          </params>
          <reporter-output>
          </reporter-output>
        </test-method> <!-- testCancelclaim -->
        <test-method is-config="true" signature="recordFailure(org.testng.ITestResult)[pri:0, instance:claimTests.TestOrangeCreateClaim@312aa7c]" started-at="2023-10-03T14:36:10 IST" name="recordFailure" finished-at="2023-10-03T14:36:10 IST" duration-ms="1" status="PASS">
          <params>
            <param index="0">
              <value>
                <![CDATA[[TestResult name=testCancelclaim status=SUCCESS method=TestOrangeCreateClaim.testCancelclaim(java.util.HashMap)[pri:0, instance:claimTests.TestOrangeCreateClaim@312aa7c] output={null}]]]>
              </value>
            </param>
          </params>
          <reporter-output>
          </reporter-output>
        </test-method> <!-- recordFailure -->
        <test-method signature="testClaimDashboard(java.util.HashMap)[pri:0, instance:claimTests.TestOrangeCreateClaim@312aa7c]" started-at="2023-10-03T14:36:11 IST" name="testClaimDashboard" data-provider="getDataFromExcel" finished-at="2023-10-03T14:36:27 IST" duration-ms="16087" status="PASS">
          <params>
            <param index="0">
              <value>
                <![CDATA[{Username=Admin, Password=admin123, Header1=Submit Claim, Header2=My Claims, Header3=Employee Claims, Header4=Assign Claim}]]>
              </value>
            </param>
          </params>
          <reporter-output>
          </reporter-output>
        </test-method> <!-- testClaimDashboard -->
        <test-method is-config="true" signature="recordFailure(org.testng.ITestResult)[pri:0, instance:claimTests.TestOrangeCreateClaim@312aa7c]" started-at="2023-10-03T14:36:27 IST" name="recordFailure" finished-at="2023-10-03T14:36:27 IST" duration-ms="1" status="PASS">
          <params>
            <param index="0">
              <value>
                <![CDATA[[TestResult name=testClaimDashboard status=SUCCESS method=TestOrangeCreateClaim.testClaimDashboard(java.util.HashMap)[pri:0, instance:claimTests.TestOrangeCreateClaim@312aa7c] output={null}]]]>
              </value>
            </param>
          </params>
          <reporter-output>
          </reporter-output>
        </test-method> <!-- recordFailure -->
        <test-method signature="testCreateClaim(java.util.HashMap)[pri:0, instance:claimTests.TestOrangeCreateClaim@312aa7c]" started-at="2023-10-03T14:36:27 IST" name="testCreateClaim" data-provider="getDataFromExcel" finished-at="2023-10-03T14:36:43 IST" duration-ms="16235" status="PASS">
          <params>
            <param index="0">
              <value>
                <![CDATA[{Username=Admin, Password=admin123, Event_select=Travel Allowance, Currency_select=Afghanistan Afghani, Remarks=Added Claim }]]>
              </value>
            </param>
          </params>
          <reporter-output>
          </reporter-output>
        </test-method> <!-- testCreateClaim -->
        <test-method is-config="true" signature="recordFailure(org.testng.ITestResult)[pri:0, instance:claimTests.TestOrangeCreateClaim@312aa7c]" started-at="2023-10-03T14:36:43 IST" name="recordFailure" finished-at="2023-10-03T14:36:43 IST" duration-ms="9" status="PASS">
          <params>
            <param index="0">
              <value>
                <![CDATA[[TestResult name=testCreateClaim status=SUCCESS method=TestOrangeCreateClaim.testCreateClaim(java.util.HashMap)[pri:0, instance:claimTests.TestOrangeCreateClaim@312aa7c] output={null}]]]>
              </value>
            </param>
          </params>
          <reporter-output>
          </reporter-output>
        </test-method> <!-- recordFailure -->
        <test-method signature="testCreateClaimRemarks(java.util.HashMap)[pri:0, instance:claimTests.TestOrangeCreateClaim@312aa7c]" started-at="2023-10-03T14:36:43 IST" name="testCreateClaimRemarks" data-provider="getDataFromExcel" finished-at="2023-10-03T14:37:00 IST" duration-ms="16895" status="PASS">
          <params>
            <param index="0">
              <value>
                <![CDATA[{Username=Admin, Password=admin123, Event_select=Travel Allowance, Currency_select=Afghanistan Afghani, Remarks=Added Claim }]]>
              </value>
            </param>
          </params>
          <reporter-output>
          </reporter-output>
        </test-method> <!-- testCreateClaimRemarks -->
        <test-method is-config="true" signature="recordFailure(org.testng.ITestResult)[pri:0, instance:claimTests.TestOrangeCreateClaim@312aa7c]" started-at="2023-10-03T14:37:00 IST" name="recordFailure" finished-at="2023-10-03T14:37:00 IST" duration-ms="0" status="PASS">
          <params>
            <param index="0">
              <value>
                <![CDATA[[TestResult name=testCreateClaimRemarks status=SUCCESS method=TestOrangeCreateClaim.testCreateClaimRemarks(java.util.HashMap)[pri:0, instance:claimTests.TestOrangeCreateClaim@312aa7c] output={null}]]]>
              </value>
            </param>
          </params>
          <reporter-output>
          </reporter-output>
        </test-method> <!-- recordFailure -->
        <test-method is-config="true" signature="tearDown()[pri:0, instance:claimTests.TestOrangeCreateClaim@312aa7c]" started-at="2023-10-03T14:37:00 IST" name="tearDown" finished-at="2023-10-03T14:37:01 IST" duration-ms="654" status="PASS">
          <reporter-output>
          </reporter-output>
        </test-method> <!-- tearDown -->
      </class> <!-- claimTests.TestOrangeCreateClaim -->
    </test> <!-- Default test -->
  </suite> <!-- Default suite -->
</testng-results>
