<?xml version="1.0" encoding="UTF-8"?>
<testng-results ignored="0" total="2" passed="2" failed="0" skipped="0">
  <reporter-output>
  </reporter-output>
  <suite started-at="2023-09-22T12:17:47 IST" name="Default suite" finished-at="2023-09-22T12:18:37 IST" duration-ms="50076">
    <groups>
    </groups>
    <test started-at="2023-09-22T12:17:47 IST" name="Default test" finished-at="2023-09-22T12:18:37 IST" duration-ms="50076">
      <class name="claimTests.TestOrangeCreateClaim">
        <test-method is-config="true" signature="setup()[pri:0, instance:claimTests.TestOrangeCreateClaim@4c163e3]" started-at="2023-09-22T12:17:47 IST" name="setup" finished-at="2023-09-22T12:18:03 IST" duration-ms="15822" status="PASS">
          <reporter-output>
          </reporter-output>
        </test-method> <!-- setup -->
        <test-method signature="testCancelclaim(java.util.HashMap)[pri:0, instance:claimTests.TestOrangeCreateClaim@4c163e3]" started-at="2023-09-22T12:18:04 IST" name="testCancelclaim" data-provider="getDataFromExcel" finished-at="2023-09-22T12:18:22 IST" duration-ms="18388" status="PASS">
          <params>
            <param index="0">
              <value>
                <![CDATA[{Username=Admin, Password=admin123, Event_select=Travel Allowance, Currency_select=Afghanistan Afghani}]]>
              </value>
            </param>
          </params>
          <reporter-output>
          </reporter-output>
        </test-method> <!-- testCancelclaim -->
        <test-method is-config="true" signature="recordFailure(org.testng.ITestResult)[pri:0, instance:claimTests.TestOrangeCreateClaim@4c163e3]" started-at="2023-09-22T12:18:22 IST" name="recordFailure" finished-at="2023-09-22T12:18:22 IST" duration-ms="2" status="PASS">
          <params>
            <param index="0">
              <value>
                <![CDATA[[TestResult name=testCancelclaim status=SUCCESS method=TestOrangeCreateClaim.testCancelclaim(java.util.HashMap)[pri:0, instance:claimTests.TestOrangeCreateClaim@4c163e3] output={null}]]]>
              </value>
            </param>
          </params>
          <reporter-output>
          </reporter-output>
        </test-method> <!-- recordFailure -->
        <test-method signature="testCreateClaim(java.util.HashMap)[pri:0, instance:claimTests.TestOrangeCreateClaim@4c163e3]" started-at="2023-09-22T12:18:22 IST" name="testCreateClaim" data-provider="getDataFromExcel" finished-at="2023-09-22T12:18:36 IST" duration-ms="13870" status="PASS">
          <params>
            <param index="0">
              <value>
                <![CDATA[{Username=Admin, Password=admin123, Event_select=Travel Allowance, Currency_select=Afghanistan Afghani}]]>
              </value>
            </param>
          </params>
          <reporter-output>
          </reporter-output>
        </test-method> <!-- testCreateClaim -->
        <test-method is-config="true" signature="recordFailure(org.testng.ITestResult)[pri:0, instance:claimTests.TestOrangeCreateClaim@4c163e3]" started-at="2023-09-22T12:18:36 IST" name="recordFailure" finished-at="2023-09-22T12:18:36 IST" duration-ms="1" status="PASS">
          <params>
            <param index="0">
              <value>
                <![CDATA[[TestResult name=testCreateClaim status=SUCCESS method=TestOrangeCreateClaim.testCreateClaim(java.util.HashMap)[pri:0, instance:claimTests.TestOrangeCreateClaim@4c163e3] output={null}]]]>
              </value>
            </param>
          </params>
          <reporter-output>
          </reporter-output>
        </test-method> <!-- recordFailure -->
        <test-method is-config="true" signature="tearDown()[pri:0, instance:claimTests.TestOrangeCreateClaim@4c163e3]" started-at="2023-09-22T12:18:36 IST" name="tearDown" finished-at="2023-09-22T12:18:37 IST" duration-ms="559" status="PASS">
          <reporter-output>
          </reporter-output>
        </test-method> <!-- tearDown -->
      </class> <!-- claimTests.TestOrangeCreateClaim -->
    </test> <!-- Default test -->
  </suite> <!-- Default suite -->
</testng-results>
