<?xml version="1.0" encoding="UTF-8"?>
<!-- Generated by org.testng.reporters.JUnitXMLReporter -->
<testsuite ignored="0" hostname="AUSYDCVDIXB0723" failures="0" tests="6" name="Test" time="210.468" errors="0" timestamp="2023-10-04T19:57:08 IST">
  <testcase classname="claimTests.TestOrangeDashboardClaim" name="testClaimDashboard" time="24.382"/>
  <testcase classname="claimTests.TestOrangeCreateClaim" name="testCancelclaim" time="21.954"/>
  <testcase classname="claimTests.TestOrangeCreateClaim" name="testCreateClaim" time="30.798"/>
  <testcase classname="claimTests.TestOrangeCreateClaim" name="testCreateClaimRemarks" time="13.716"/>
  <testcase classname="claimTests.TestOrangeAssignClaim" name="testAssignClaim" time="47.069"/>
  <testcase classname="claimTests.TestOrangeAssignClaim" name="testAssignClaimremarks" time="23.932"/>
</testsuite> <!-- Test -->
