<?xml version="1.0" encoding="UTF-8"?>
<!-- Generated by org.testng.reporters.JUnitXMLReporter -->
<testsuite ignored="8" hostname="INMBIML6MWC043" failures="0" tests="23" name="TestPackages" time="585.78" errors="0" timestamp="2023-10-05T19:05:00 IST">
  <testcase classname="loginTests.TestOrangeUserLogin" name="testInvalidAdminLogin" time="2.499"/>
  <testcase classname="loginTests.TestOrangeUserLogin" name="testValidAdminLogin" time="4.284"/>
  <testcase classname="loginTests.TestOrangeUserLogin" name="testValidAdminLogin" time="4.498"/>
  <testcase classname="claimTests.TestOrangeAssignClaim" name="testAssignClaim" time="38.655"/>
  <testcase classname="claimTests.TestOrangeAssignClaim" name="testAssignClaimremarks" time="22.95"/>
  <testcase classname="leaveTests.TestAddEntitlement" name="testAddLeaveEntitlement" time="20.782"/>
  <testcase classname="leaveTests.TestAddEntitlement" name="testAssignLeaveEntitlement" time="59.726"/>
  <testcase classname="leaveTests.TestAddEntitlement" name="testUpdateLeaveEntitlement" time="51.993"/>
  <testcase classname="leaveTests.TestAddEntitlement" name="testValidateTabs" time="10.365"/>
  <testcase classname="leaveTests.TestAddEntitlement" name="testViewLeaveReports" time="80.293"/>
  <testcase classname="pimTests.TestPIMFunctionality" name="testCreateUser" time="15.365"/>
  <testcase classname="pimTests.TestPIMFunctionality" name="testPIMPageLinks" time="5.96"/>
  <testcase classname="pimTests.TestPIMFunctionality" name="testCustomUserLogin" time="2.73"/>
  <testcase classname="homePageTests.TestHomePageSections" name="testDashboardSections" time="4.189"/>
  <testcase classname="recruitmentPageTests.TestRecruitmentPageTabs" name="testRecruitmentPageTabs" time="11.797"/>
  <testcase classname="claimTests.TestOrangeCreateClaim" name="testCancelclaim" time="11.796"/>
  <testcase classname="claimTests.TestOrangeCreateClaim" name="testCreateClaim" time="28.933"/>
  <testcase classname="claimTests.TestOrangeCreateClaim" name="testCreateClaimRemarks" time="12.293"/>
  <testcase classname="recruitmentPageTests.TestVacanciesCandidature" name="testCreateVacancy" time="29.703"/>
  <testcase classname="recruitmentPageTests.TestVacanciesCandidature" name="testVacancySearch" time="9.663"/>
  <testcase classname="recruitmentPageTests.TestVacanciesCandidature" name="testCreateCandidate" time="15.037"/>
  <testcase classname="recruitmentPageTests.TestVacanciesCandidature" name="testsearchCandidature" time="10.595"/>
  <testcase classname="claimTests.TestOrangeDashboardClaim" name="testClaimDashboard" time="13.792"/>
  <testcase classname="base.BaseTest" name="@BeforeSuite setupdriver" time="0.0">
    <ignored/>
  </testcase> <!-- @BeforeSuite setupdriver -->
  <testcase classname="base.BaseTest" name="@BeforeSuite setupdriver" time="0.0">
    <ignored/>
  </testcase> <!-- @BeforeSuite setupdriver -->
  <testcase classname="base.BaseTest" name="@BeforeSuite setupdriver" time="0.0">
    <ignored/>
  </testcase> <!-- @BeforeSuite setupdriver -->
  <testcase classname="base.BaseTest" name="@BeforeSuite setupdriver" time="0.0">
    <ignored/>
  </testcase> <!-- @BeforeSuite setupdriver -->
  <testcase classname="base.BaseTest" name="@BeforeSuite setupdriver" time="0.0">
    <ignored/>
  </testcase> <!-- @BeforeSuite setupdriver -->
  <testcase classname="base.BaseTest" name="@BeforeSuite setupdriver" time="0.0">
    <ignored/>
  </testcase> <!-- @BeforeSuite setupdriver -->
  <testcase classname="base.BaseTest" name="@BeforeSuite setupdriver" time="0.0">
    <ignored/>
  </testcase> <!-- @BeforeSuite setupdriver -->
  <testcase classname="base.BaseTest" name="@BeforeSuite setupdriver" time="0.0">
    <ignored/>
  </testcase> <!-- @BeforeSuite setupdriver -->
</testsuite> <!-- TestPackages -->
