<?xml version="1.0" encoding="UTF-8"?>
<!-- Generated by org.testng.reporters.JUnitXMLReporter -->
<testsuite ignored="0" hostname="AUSYDCVDIXB0723" failures="0" tests="6" name="Test" time="213.147" errors="0" timestamp="2023-10-05T15:50:36 IST">
  <testcase classname="claimTests.TestOrangeDashboardClaim" name="testClaimDashboard" time="23.705"/>
  <testcase classname="claimTests.TestOrangeAssignClaim" name="testAssignClaim" time="47.009"/>
  <testcase classname="claimTests.TestOrangeAssignClaim" name="testAssignClaimremarks" time="23.976"/>
  <testcase classname="claimTests.TestOrangeCreateClaim" name="testCancelclaim" time="21.724"/>
  <testcase classname="claimTests.TestOrangeCreateClaim" name="testCreateClaim" time="31.172"/>
  <testcase classname="claimTests.TestOrangeCreateClaim" name="testCreateClaimRemarks" time="14.018"/>
</testsuite> <!-- Test -->
