<?xml version="1.0" encoding="UTF-8"?>
<!-- Generated by org.testng.reporters.JUnitXMLReporter -->
<testsuite ignored="0" hostname="INMBIML6MWC043" failures="0" tests="4" name="Default test" time="80.566" errors="0" timestamp="2023-10-05T18:29:01 IST">
  <testcase classname="recruitmentPageTests.TestVacanciesCandidature" name="testCreateVacancy" time="27.39"/>
  <testcase classname="recruitmentPageTests.TestVacanciesCandidature" name="testVacancySearch" time="10.175"/>
  <testcase classname="recruitmentPageTests.TestVacanciesCandidature" name="testCreateCandidate" time="15.204"/>
  <testcase classname="recruitmentPageTests.TestVacanciesCandidature" name="testsearchCandidature" time="10.73"/>
</testsuite> <!-- Default test -->
