<?xml version="1.0" encoding="UTF-8"?>
<!-- Generated by org.testng.reporters.JUnitXMLReporter -->
<testsuite ignored="0" hostname="AUSYDCVDIXB0723" failures="0" tests="3" name="Default test" time="72.328" errors="0" timestamp="2023-09-27T12:04:37 IST">
  <testcase classname="claimTests.TestOrangeCreateClaim" name="testCancelclaim" time="19.721"/>
  <testcase classname="claimTests.TestOrangeCreateClaim" name="testClaimDashboard" time="14.031"/>
  <testcase classname="claimTests.TestOrangeCreateClaim" name="testCreateClaim" time="14.29"/>
</testsuite> <!-- Default test -->
